<?xml version="1.0" encoding="UTF-8"?>
<!-- Generated by org.testng.reporters.JUnitXMLReporter -->
<testsuite hostname="TestingWorld-PC" name="Default test" tests="2" failures="1" timestamp="25 Mar 2017 04:27:19 GMT" time="0.066" errors="0">
  <testcase name="tcae2" time="0.01" classname="testing.TC_001">
    <failure type="java.lang.AssertionError" message="expected [true] but found [false]">
      <![CDATA[java.lang.AssertionError: expected [true] but found [false]
	at testing.TC_001.tcae2(TC_001.java:32)
... Removed 28 stack frames]]>
    </failure>
  </testcase> <!-- tcae2 -->
  <testcase name="tcae1" time="0.0" classname="testing.TC_001">
    <skipped/>
  </testcase> <!-- tcae1 -->
</testsuite> <!-- Default test -->
